
Warning： 找不到project.config.json文件(不影响转换，无视这条)


Warning： 找不到package.json文件(不影响转换，无视这条)

miniprogram to uni-app 转换日志

---基本信息---
时间: 2021-02-03 09:35:54
语言: Javascript
转换模式: Hbuilder X
是否转换wxs文件: false

---小程序基本信息---
name: 
version: 
description: 
appid: 
projectname: 
compileType: 
author: 

---目录信息---
sourceFolder: /Users/smzdm/Code/miniprogram-project/miniprogram
targetFolder: /Users/smzdm/Code/miniprogram-project/miniprogram_uni
outputFolder: /Users/smzdm/Code/miniprogram-project/miniprogram_uni
miniprogramRoot: /Users/smzdm/Code/miniprogram-project/miniprogram

---日志信息---
Tip: /Users/smzdm/Code/miniprogram-project/miniprogram/style/icons/iconfont.wxss包含字体文件，可能需要手工进行修复
[Error] 解析文件出错: SyntaxError: Unexpected token, expected "," (11:4)      file: /Users/smzdm/Code/miniprogram-project/miniprogram/pages/xiehouyu/xiehouyu.js
Convert App.vue success!
Convert component lib/tags.js success!
Convert component lib/regenerator-runtime/path.js success!
Convert component lib/regenerator-runtime/runtime.js success!
Convert pages/aboutme/aboutme.vue success!
Convert pages/detail/detail.vue success!
Convert pages/find/find.vue success!
Convert pages/idiom/idiom.vue success!
Convert pages/index/index.vue success!
Convert pages/list/list.vue success!
Convert pages/search/search.vue success!
Convert pages/menu/menu.vue success!
Convert pages/storageConsole/storageConsole.vue success!
Convert pages/user/user.vue success!
Convert pages/xiehouyu/xiehouyu.vue success!
Convert style/icons/iconfont.css.wxss success!
Convert style/guide.css.wxss success!

转换完成: 
耗时：1957ms
当前转换模式：【Hbuilder X】，生成HbuilderX项目。
优点：上手快，项目结构较简单；
缺点：资源路径会因为表达式而无法全部被修复(“可能”需手动修复)

注意：
1.当看到"image漏网之鱼"，意味着您"可能"，“可能”，记住是“可能”，但不一定需要手动调整对应代码(以实际编译运行为准)，当image标签的src属性是含变量或表达式，工具还无法做到100%转换，需要手动修改为相对/static目录的路径


日志说明：
1. image漏网之鱼 --> 为HbuilderX模式时，需要将资源移动到static，并且修复相应文件路径，有可能src为网络文件，有可能为变量或表达式，可能会导致转换后文件找不到，因此提示一下
修复提示：编译时，如有报错就将对应位置修复即可(虽然目前uni-app有类似的支持，似乎并不完善)

2. 命名替换 --> 小程序里对于属性名基本没什么限制，如id能做属性名，data下面的变量和函数名还能重名，但这些在uni-app里是不支持的，因此做了相关替换，并记录日志，也许组件在外部调用时，函数名被改而因此报错时，请查看答疑文档
